0['cratic Republic', 'pedia Britannic', 'Soviet Republic', 'to the Republic', 'rgue that citiz', 'panish Republic', 'ouse alternativ', 'ctrical activit', 'mostly tentativ', 'bed psychoactiv']
1['ounded in 1910.', 'r I ( 1914–1918', 'on of 1918–1919', 'War ( 1936–1939', 'eattle in 1999.', " '' ; 1897–1904", 'k City in 1911.', 'ounded in 1901.', 'School in 1921.', ' in 88 in 2012.']
2['d even the inst', ' practices insp', 'as killed inste', 'oduction , inst', '1. It also insp', 'hool as an inst', 'r society inste', ' autism is inst', 'autism is inste', 'r goals ; inste']
3['ress of Amsterd', "legal 'expropri", 'ist form associ', 'commonly associ', 'itler , Mussoli', 'ate or compromi', 'ed against wome', 't and only woma', 'ic Traits Quest', 'Treatment appro']
4[' of the 19th ce', 'an Soviet Repub', 'the mid 20th ce', 'out the 19th ce', 'the mid-20th ce', 'he late 19th ce', ' in the 19th ce', ' of the 20th ce', 'dhood disintegr', 'mentally disabl']
5[' , which is dia', 'in 68 ) are dia', 'r of people dia', ' formerly a dia', "n-Cohen 's empa", 'once ASD is dia', 'd who meets dia', 'o completed dia', "ism '' ) is dia", 'US children dia']
6['Godwin develope', ' ideas develope', 'ry. He develope', 'munism develope', 'ed and develope', ') . It develope', 'talism develope', 're has develope', ' other developm', 'ts are develope']
7[' anarchism coul', 'ngs were associ', 'ves and persecu', 'this was associ', 'ence of conscie', 'strongly associ', 'utism is associ', 'lism are associ', ' normal perform', 'which is associ']
8["tice '' ( 1793 ", 's soon as 1887 ', ' 0-631-17944-5 ', "aire '' ( 2000 ", "ques '' ( 2002 ", ' twins suggest ', 'n mice suggest ', 'iets ; in 2005 ', 'e born in 2000 ', 'sted from 2003 ']
9['ar over the Cal', 'owing to the ou', 'cts in Baja Cal', 'n during the ou', ' and the CNT. C', 'ty instead . \nC', 'ide , and it oc', 'a disorder . \nC', 'istic individua', ' Many individua']
10[' is still commo', 'n beliefs commo', 'archism , commo', 'ese ideas suppo', 'actics is commo', 'ecified ( commo', ' are also commo', 'vere from commo', '. Two are commo', 'iatrician commo']
11[' such as Willia', 'lution , Willia', ' anarcho-syndic', ' the major forc', 'utualist Willia', 'n 1793 , Willia', 'e combined forc', ' important forc', 'tion for writin', 'repressive forc']
12['hers have suppo', 'owing the suppr', 'y and the suppr', " '' , was suppo", 'ed troops suppr', 'en then instruc', 'heory was suppo', 'thesis is suppo', ' how much suppo', ', few are suppo']
13['rship positions', 'rew accordingly', 'ew accordingly\xa0', ' Stirner propos', 'mand. He propos', 'elayed response', 'layed responses', 'renia relations', 'pical responses', ' be inappropria']
14["'' ) , where ow", 'd the First Int', 'h the First Int', 'volutionary Ins', 'e Communist Int', 'o the First Int', 'ristianity. Its', 'od , although o', 'understood. Its', ' Diagnostic Int']
15['phy that advoca', 'an interpretati', 'nd its institut', ' his own execut', 'ne , the execut', ' without adject', 's for the accep', 'ng : the execut', 'claim of execut', ' of core execut']
16['s and anarchist', 'r not anarchism', 'd religion are ', 'ry of anarchism', ' differentiate ', 'nt GI symptoms ', ' symptoms than ', 'oms than usual ', 'verse mechanism', 'ction deficits ']
17['Mexico , Brazil', 'istricts in Baj', 'stricts in Baja', 'vement in Irela', ' control of Bar', 'ike that of Bar', ' in most of Ara', ' schools in Bar', 'tion. Simon Bar', ' related to Bar']
18['rection. Subseq', 'ours of 28 Febr', 'ed on the premi', 'ds being distri', 'rmed the inspir', 'se without remi', 'racteristic tri', 'rization of tri', 'breaks of previ', 'bility to ascri']
19['ism , syndicali', 'owing to the ou', ' that syndicali', 'tion was \nundou', 'e inside and ou', ' anti-syndicali', 'major syndicali', 'n during the ou', 'movement. He ou', 'he long-term ou']
20[' anarchist prec', 'nt of our capac', 'capitalist prac', 'alism as a prac', "inley 's assass", 'wns and distric', ' anarchist prac', 'ample , distres', 'n clinical prac', ' family distres']
21[' however , Prou', ', already provi', 'were the precur', 'gnize that Prou', 'vernance , Prou', '\xa0 ... that Prou', 'nd Stephen Pear', 'has given provi', 'cation is provi', 'o service provi']
22['cording to Pete', 'to any particul', 'dual acts. Pete', '\nInternal issue', " '' \n< /doc > \n", 'ngle repetitive', 'sing of auditor', ' tasks indicate', 'n communication', 'nd social issue']
23['g as a philosop', 'single philosop', 'in , a philosop', 'of the philosop', 'ibuted `` accor', 'te new philosop', 'itical philosop', 'm is a philosop', 'ment in the wor', 'e Grandin descr']
24['rking class. Bo', 'y as they wish.', 'was used to avo', 'ebrities among ', ' also referred ', ' prominent amon', 'refer to be alo', 'ractions among ', 'onization , alo', 's , such as avo']
25['le Godwin attac', 'eurderoy , Jose', 'ed into two cam', ' , such as Joha', 'd is well docum', ' Western Europe', 'ith Pierre-Jose', "rchism. '' Blac", " '' . The docum", 'l neurodevelopm']
26['( Free Territor', 'e Free Territor', 'rms . \nInternal', 'st and internal', 'tives were equa', 'ives were equal', 'evelop internal', 'hood disintegra', 'found the avera', 'th ASD . \nEduca']
27['rializing worke', 'rnational worke', 'ion was a worke', 'put under worke', 'anaged by worke', 'ieve that worke', 'ers for Disease', 'nsation seeking', 't of the broade', 'ocial approache']
28['mes can be foun', 'ade unions foun', ' was to be foun', 'en. It was foun', 'y in childhood.', ' have been foun', 'h in childhood.', 'y has been foun', 'udies have foun', 'e not been foun']
29['Anarchi', 'Spanish anarchi', 'fferent countri', 'from 15 countri', 'ned with recipr', 'eminist anarchi', 'ree love partic', 'ot been identif', 'tory and physic', 'ome with physic']
30['etween the two ', 'kers attempted ', ' Over the next ', 'e the mid-20th ', 'f the 19th and ', 'ing of the 20th', 'ng of the 20th ', 'that about two-', 'bout two-thirds', 'g at least two ']
31['nd social democ', "legal 'expropri", ' their experien', ' , direct democ', 'use birth defec', 'l neural develo', 'nding , approac', ' share experien', 'are an experien', 'eatment approac']
32['m . \nSome anarc', 'lished an anarc', 'ublic the anarc', 'rum. Some anarc', 'vidualist-anarc', 'tes ( see Anarc', 'dom. Most anarc', 'gement \nAnarcho', 'mphlet `` Anarc', 's . \nPost-anarc']
33[' education issu', 'es on this issu', 'uted both dissi', 'mployment crisi', 'rchism and issu', 'ironmental issu', "x '' . The issu", 'ditory and visu', 'and social issu', ' among the visu']
34['oruña in 1845 w', 'Spain in 1873 w', 'il War in 1936 ', 'Mármol in 1889 ', '0-631-17944-5 ,', ' openly bisexua', 'ounded in 1936 ', "surdity . '' \n<", "urdity . '' \n< ", 'tism cover a wi']
35['ference in Lond', 'ongress of Amst', 'merica and Lond', 'hanges in diagn', 'ntial for diagn', 'ormerly a diagn', 'completed diagn', ' reported diagn', 'affect the long', 'ntion by around']
36['nations may hav', 'place , may hav', 'zens do not hav', 'ualism , believ', 'lism , believin', 'd others believ', 'others believin', 'hildren may hav', 'm , but may hav', 'als who may hav']
37['archism or simi', 'esus is sometim', 'antrums signifi', 'es were signifi', ' and were simil', 'hat are signifi', 'ism are signifi', 'lead to signifi', 'ys have signifi', 'verage lifetime']
38["sm '' , themsel", ' allied themsel', 'ciprocally stat', 'iberate themsel', ' and vocal patt', 'n elevated patt', 'first eight wee', 'SD-related patt', 'a specific patt', 'erstand themsel']
39['out adjectives.', 'ogical systems.', 'idely disputed.', 'gic approaches.', "m 's processes.", 'evel processes.', 'l adult levels.', ' two weaknesses', 'stic practices.', 'ocus on success']
40[' for the federa', 'with the federa', 'se , the federa', 'ring this perio', 't of this perio', 'anarchist perio', 'espouse alterna', 'elay in referra', 'gh many alterna', 's. Some alterna']
41['itutions based ', ' such as Willia', 'from 18 March (', 'tructure based ', 'utualist Willia', 'sumption based ', 'movement based ', ' studies based ', 'f autism based ', 'rrowly focused ']
42['buted `` accord', 'hat , in childr', 'rents of childr', 'lings of childr', 'drome in childr', ' 27 % of childr', 'reen all childr', ' CHAT on childr', ' such as childr', 'ncluding childr']
43[' War I ( 1914–1', 'il War ( 1936–1', 'horeau ( 1817–1', "rer '' ( 1883–1", "ety '' ( 1895–1", 'Reitzel ( 1849–', 'eitzel ( 1849–1', 'celona in defia', 'osome 15 ( 15q1', 'fMRI and diffus']
44['ree Territory )', 'ded in failure ', 'arly a quarter ', 'the `` biennio ', 'curity culture ', 'f contributors ', 'ion is culture ', 'aint , culture ', 'he big picture ', 'current debate ']
45['le Godwin attac', 'iks in the Octo', 'ndividuals. `` ', 'was an importan', 'lso an importan', 'al , and postco', 's not consider ', 'of group I meta', 'ending on wheth', 'tions have meth']
46[" '' is a compou", 'nate , and usua', 'ce ) . These au', 'sm developed ou', 'narchists espou', ' The signs usua', 'ptoms than usua', 'aster than usua', '-functioning au', 'vere or profoun']
47[' to the structu', 'ism , they retu', 'f the most popu', ' and whose main', 'uring the Secon', 'ts , while main', 'since most sexu', 'Making and main', 'trating structu', 'odels , structu']
48['ren with autism', 'als with autism', 'eater in autism', 'increase autism', 'ink with autism', 'ted with autism', ' because autist', 'gns with autism', ' between autism', 'ild with autism']
49[' Later , howeve', 'ite. This image', 'argue that huma', "olstoy 's educa", 'which the educa', 's into language', 'ith ASD. Howeve', 'tion , language', 's and the educa', 'child into home']
50['s for a critiqu', 'town Christiani', 'owerful critiqu', ' and Christiani', 'motes a critiqu', 'nting a critiqu', 's , and critiqu', 'age , comprehen', 'ge , comprehens', 'ience comprehen']
51['te the conditio', "ry '' invitatio", 'narcho-capitali', 'ibed her inabil', 'ng in invitatio', 'ogical conditio', 's with imitatio', 'ren on imitatio', 'edical conditio', 'd by the inabil']
52['anarchism spran', 'ership of resou', ' Woodcock repor', 'rance was defea', 'mation ( see Eu', 'have been repor', 'ty of the defau', 'ests that impai', 'tism. One stren', 'l models , stru']
53['d body of doctr', 'anarchist doctr', 'minist , ecolog', 'sexual , ecolog', ' usually tempor', 'd social ecolog', 'e ethical doctr', 'criteria requir', 'S-R ) categoriz', 'somewhat arbitr']
54['s Guillaume wer', 'n. Bombings wer', 'tral Russia wer', 'munists of Nort', 'e and Italy wer', ' anarchists wer', ', Allen Ginsber', ' Batchelder Gre', 'et Anderson wer', 'itive , or spee']
55['Christ and\xa0 ...', ' Argentina\xa0 ...', 'ccordingly\xa0 ...', 'liberalism\xa0 ...', 's apparent\xa0 ...', 'rl Andrews\xa0 ...', 'nd of the 19th ', 'ng of the 20th ', " Liberty '' ...", 'ke himself\xa0 ...']
56['s grouped aroun', 'e Nazi propagan', 'imated at aroun', 'tablished aroun', ' while propagan', 'e main propagan', 're not synchron', 'eir child aroun', 'oes not explain', 'ns and synchron']
57['mate spontaneou', 'as not consciou', 'es `` freethoug', 'ols and pedagog', 'that of unschoo', 'he term deschoo', 'tions—spontaneo', 'stress , althou', ' and the nervou', 'rrors of metabo']
58['eph Proudhon wa', 's. Malatesta wa', 'ainst Franco wa', 'udolf Rocker wa', 'jeres Libres wa', 'chez Saornil wa', 's Libres who wa', 'ge MacDonald wa', 'bined theory ba', ' behavior analy']
59['I ( 1914–1918 )', 'r ( 1936–1939 )', ' the Stalinists', 'm ( 1939–1977 )', 'u ( 1817–1862 )', "' ( 1883–1907 )", '0 , 1892–1893 )', 'l ( 1849–1898 )', 'lse-positives )', '. \nManagement .']
60[' force . \nEtymo', 'orce . \nEtymolo', 'ire that sympto', ' sensory sympto', 'wed that schizo', 'n autism/schizo', 'east one sympto', 'ough the sympto', ' , the methodol', ', the methodolo']
61['orce in Spanish', 'ontemporary neo', 'ce of a minimal', 'd saw a minimal', 'rchism , called', 'olini , Spanish', '919 before bein', 'ly variable neu', ' functional neu', 'A pediatric neu']
62['ased on non-hie', 'uthority or hie', 'r : CNT ) , fou', 'istols. The hou', 'ry coercive hie', 'tist , anti-hie', "polare '' , fou", 'lonely they fee', 'lanning , inhib', 'ed to their pee']
63['ailure , conser', 'in and his foll', 'and even conser', 'egards as neces', 'e found in over', 'The mirror neur', ' pediatric neur', 'gnosis and over', ' , which descri', 'ent of the over']
64['property rights', 'ng as essential', '\nAn influential', 'tic influential', 'dividual rights', ' , and especial', 'of their rights', 'e not essential', ' uses essential', 'ult residential']
65['n in the conduc', 'ce ) . It devel', ' speech interve', 'ational interve', 'dies of interve', 'osocial interve', 'ms that interve', 'avioral interve', 'n early interve', 'ies and interve']
66['ee and spontane', 'ers at one poin', 'rchists because', 'ement of peasan', 'hool for peasan', 's review , Kenw', ' partly because', 'ic formal scree', 'broadband scree', 'h genetic scree']
67['th century. Sin', 'Copenhagen. Sin', '-5 , p. 11. < /', 'document was ba', 'a , South Ameri', "rdity . '' \n< /", "dity . '' \n< /d", "ity . '' \n< /do", "ty . '' \n< /doc", 'dy that has sin']
68['d on non-hierar', 'ority or hierar', 'anarchism spran', 'ent which spran', ' of Spain influ', 'coercive hierar', 'anarchism stron', 't , anti-hierar', 'stinguish infan', 'ollars , inflat']
69['raditions creat', 'rain the develo', 't on the develo', 'and would creat', 'l – those creat', 's – those creat', 'worked to creat', 'ncepts to creat', 'ying the develo', 'n in the develo']
70[' revolt charact', 'revolt characte', 'Bakunin charact', 'akunin characte', ' first characte', ' being conquere', 'lopment charact', 'opment characte', 'ould be accepte', "ism 's characte"]
71['hism philosophi', 'mental techniqu', 'rmed into cultu', ' autistic cultu', ' in communicati', 'ent preoccupati', 'od disintegrati', 'clinical practi', 'r clinical resu', 'and communicati']
72['This is exempli', 'ts initial nega', 'nt , as exempli', 'emphasises nega', 'refusal to nego', 'e under restrai', 'or motor planni', 'er risk of nega', ' smoking , illi', 'ks are not nega']
73['ldwide attentio', 'ow less attenti', 'w less attentio', ' Joint attentio', 'n joint attenti', ' joint attentio', 'ion and attenti', 'on and attentio', 'tained attentio', 'ect to attentio']
74['ers ( ASD ; see', 'ble studies , e', ' in future rese', 'ure autism rese', 'omosomes ; rese', ' in autism rese', 'he limited rese', 'cators and rese', 't reliable rese', 'been early rese']
75['ile Godwin atta', ' y Margall atte', 'kebreakers atte', "latform '' atte", 'ny diverse atti', ' show less atte', 'ately less atta', 'uns. Joint atte', ' sustained atte', 'respect to atte']
76['ctics , althoug', 'usive ; althoug', 'wever , althoug', 'basis , althoug', 'thood , althoug', 'ldren , althoug', ' some , althoug', 'oblem , althoug', 'tress , althoug', 'onths , althoug']
77[' political syst', 'deological syst', 't and most syst', 'alls for a syst', 'est social syst', 'tion . \nSynthes', 'wards a synthes', 'in various syst', 'g with an exces', 'ducational syst']
78['from 14 differe', ', also referred', 's among differe', 'n then instruct', ' lack convincin', 'tations converg', ' of self-refere', ' has low sensit', 'as low sensitiv', 'SD are prescrib']
79['word `` anarchy', 'oral legitimacy', 'ng the few succ', 'he rise of fasc', 'chists and fasc', 'eorists of fasc', 'ectoral allianc', 'before the fasc', 'ncy reform. Acc', ' during infancy']
80['lines of eviden', 'e cost of scree', 'ice is to scree', 'utism are scree', 'h genetic scree', 's little eviden', 'vailable approa', 'ailable approac', ' is some eviden', 'reatment approa']
81['eralist movemen', 'pecial conferen', 'workers movemen', ' to a governmen', 'lerical movemen', 'd as a differen', 'needs. Differen', 'rders. Differen', 'lopment depends', 'ons. A differen']
82['odwin developed', ' , he advocated', 'y. He developed', ' . It developed', 'e has increased', ' 8–15 performed', ' Many individua', 'the development', 'uses , consensu', 's are developed']
83['Party. Accordin', ' 1999. Accordin', 'sophy. Accordin', 'natural surroun', ' laws discrimin', 'versies surroun', 's. Many individ', 'utistic behavio', ' by the inabili', ' children acqui']
84['ounded in 1910.', 'bings were asso', 'the early 1910s', 's this was asso', 'ear not to asso', ' autism is asso', 'bolism are asso', 'e 15 ( 15q13.3 ', 'e 16 ( 16p13.1 ', ', which is asso']
85['and Wilhelm Wei', 'work day would ', 'st state would ', 't system would ', 'hat this would ', 'at egoism will ', 'osition – will ', ' theory , will ', 'ntentions will ', 'al issues will ']
86[' , the Federati', 'an Cornelissen.', 'orkers Federati', "legal 'expropri", 'tionary Insurre', 'astern Federati', 'rchist Federati', 'darity Federati', 'my of Ukraine –', 's Emile Armand.']
87['emselves derive', ' also introduce', 'n , which serve', 'h. He contraste', "'' , a reflecti", ' then instructi', 'on is dysfuncti', 'ssibly reflecti', 'tment approache', 't lack predicti']
88['otkin thus wrot', 'ory and poststr', 'of sexual infor', 'via to the extr', 'ia to the extra', 'r animal perfor', 'peaks in perfor', ' tend to perfor', 'llectual perfor', 're , 30 % extra']
89['sm entails oppo', 'osophical appro', 'n and had appro', 'tanding , appro', ', and the neuro', ' product. Neuro', ' suggests neuro', 'dd social appro', 'own which appro', 'children. Neuro']
90['asses would eve', ' anarchists nee', 'stem would rece', 'he late 19th ce', 'spaper `` Unive', 'ntrol and Preve', 'lalia ) or reve', 'first eight wee', "ir child 's unu", 'ystematic revie']
91["es . '' \nIn 186", 'dings . \nIn 186', "wers. '' In 187", 'e infamous 1894', 'sion of the 187', 'as early as 184', "bearer '' ( 188", "e Word '' ( 187", "ociety '' ( 189", 't Reitzel ( 184']
92['ection. Subsequ', 'rary , `` neces', 'resent `` neces', 'chism that focu', 'ggle as a neces', 'ry sexual encou', 'he term deschoo', 'ems to be neces', 'ories are neces', 'or 20 to 40\xa0hou']
93['al Union of Ana', 'deration of Ana', 'national of Ana', ' Fédération Ana', 'lf not with Ana', 'dividualist Ana', 'ronghold of Ana', 'y feminist anar', ' post-left anar', 'untry where Ana']
94['acement through', 'example through', 'ere run through', 'created through', 'support through', 'chieved through', 'lution. Through', 'efend – through', 'ontinue through', 'nce , suggestin']
95['turn of the 19t', 'ounded in 1910.', 'actively resist', 'oughout the 19t', ' end of the 19t', ' also a consist', 'se with autism.', 'ause of autism.', 'causing autism.', 'ld with autism.']
96['e mutually excl', 'sed almost excl', 'nry Mackay . \nJ', 't mutually excl', ' Susan Brown cl', 'onal reasons wh', 'ruction is excl', 's are taught wh', 's does not excl', 'MNS operates wh']
97['58 million memb', 'and 1914 by mem', 'r example , mem', ' anarchist memb', 'e CNT. CGT memb', '000 paying memb', 'y 30 , 000 memb', ' take for grant', 'ted family memb', 'Journal of Auti']
98['ngress of Amste', 'anarchism emerg', ', such as Alber', 'gainst the meet', 'ilosopher Miche', ' speech to meet', 'ust not be bett', 'ar-old who meet', 'to perform bett', 'failure to meet']
99['ies often defin', ' in the mid 20t', 'nce the mid-20t', 'ning of the 20t', 'n , they differ', 'toddlers differ', 'n needs. Differ', ' that are indep', 'sorders. Differ', 'e brain , defin']
100['chist ends . \nN', 'ed as an intern', 'n and acts . \nN', 'h as the intern', '`` Anarcho-Synd', 'on is an intern', 'as follows . \nN', 'conclusive . \nN', 'c children . \nW', ' of autism . \nN']
101['e conduct of hu', 'terminology . \n', 'ed , driven und', ' tendencies und', 'd argue that hu', 'motivated by hu', 'of interest . \n', 'ere working und', 'ted States , Cu', 'big picture und']
102['t anarchist pre', 'btedly to a gre', 'Italiana `` gre', 'Mühsam was arre', 'n important pre', 'c criteria requ', 'ther actual pre', ' ASD report gre', 'cines , and pre', 's that lack pre']
103['narchist themes', 'utionary curren', 'me a significan', 're clearly dire', 'anarchists dire', ' lesbian themes', ' genetic varian', "ohen 's earlier", 'er technologies', 'd to significan']
104[' in Baja Califo', 'in Baja Califor', ' Baja Californi', ' American catho', 'ed by the Catho', 'pronouns. Joint', 'Numerous candid', 'ontaneous delet', 'tions and delet', 'th 1q21.1 delet']
105["an lines . '' \n", "c unions . '' \n", "ynamiter . '' \n", " history . '' \n", "globally . '' \n", "property . '' \n", 'ial ecology . \n', "bsurdity . '' \n", 'e behaviors . \n', 'er symptoms . \n']
106['lished in 1840.', 'ounded in 1910.', 'Union ( 20 , 00', 'in August 1922.', 'm in the 1960s.', 'eattle in 1999.', ' in 88 in 2012.', 'ome 16 ( 16p13.', ' 16 ( 16p13.1 )', 'me 17 ( 17p12 )']
107['00 for 2003. Ot', 'an to make anot', 'he brain by alt', 've behavior. Ot', 'behaviors . \nOt', ' the cortex. Ot', ' Journal of Aut', 'ecklist for Aut', 'creening of Aut', 'are mostly tent']
108['deas. The Catal', 'olds like Catal', 'ism , and whose', 'icularly stress', 'In 1901 , Catal', 'bling than sibl', 'imacy than sibl', ' disorder whose', ' ASD , and sibl', 'cial issues wil']
109['ibed by various', 'ited by various', ' Fabbri , Benoî', 'lissen. Various', 'cts . \nNumerous', 'tion of various', ' free love jour', 'n language jour', 'nguage or idios', 'ails. More than']
110['ly , referring ', 'so referred to ', 'over questions ', 'al politically ', 'd up initially ', 'nd attention , ', 'he following : ', 'e following : \n', 'investigated , ', 'substantiated. ']
111['ged with the mu', 'll and Erich Mü', 'rchist Erich Mü', 'orker in the mu', 'd be able to ma', 'rgentina anarch', 'ot well underst', 'result in malnu', ' most of the mu', 'liminary invest']
112[' and spontaneou', 'anarchism enjoy', 'and simultaneou', 't society. Abou', 'hers spontaneou', 'ication . \nAbou', 'guage or idiosy', ' autism and ASD', 'reening . \nAbou', 'ed to treat ASD']
113['ioned seemingly', 'rew accordingly', 'litary offensiv', 'nent especially', ' schemes during', 'me increasingly', 'es were equally', ' \nMore recently', 'rks are not neg', 'y is predicting']
114['lism . \nHowever', 'lution. However', 'tion . \nHowever', 'actice. However', 'others. However', 'onship. However', 'mptoms. However', 'lation. However', 'th ASD. However', 'thesis. However']
115['s grouped aroun', 'ism , describin', 'imated at aroun', 'tablished aroun', ' genetic varian', 'eir child aroun', 'whom systemizin', 'r in considerin', 'nge of obtainin', 'ention by aroun']
116['rocess of peace', ' became preside', "s . '' \nPropaga", ' day . \nPropaga', 'cic have posite', 'protests engage', ' that emphasize', 'g a representat', ' partly because', 'cation. Because']
117["angzi 's philos", 'anarchists quic', '.. it grew quic', 'n not be destro', " Spain 's econo", 'narchism philos', ' with the econo', 'he Marxist dict', 's well as econo', 'everely restric']
118['rson to describ', "legal 'expropri", "gal 'expropriat", 'ople participat', ' being distribu', 'being distribut', 'en then instruc', 'ility to ascrib', ', which describ', 'y be inappropri']
119['ations. Anarchi', 'r , some Muslim', 'an War. Anarchi', 'is that anarchi', 'mmunes. Anarchi', ' 1960s. Anarchi', 'ements. Anarchi', 'ively `` uphold', 'ociety. Anarchi', 'icisms. Anarchi']
120['narchy was Jesu', 'orks into Spani', ' force in Spani', 'orning . \nSpani', 'archism of Josi', 'ts back to Josi', "ers ' words ( e", 'oyers make adju', "ir child 's unu", ' inflation-adju']
121['e undesirable ,', 'm to denounce ,', 'own interests ;', 'o be `` exempla', "ards '' to pena", 'lly exclusive ;', ' non-violence )', 'birth defects )', 'row interests ;', 'etimes missed ;']
122['Dolgoff estimat', 'rship was estim', 'cerning ultimat', 'ly to overestim', 'from an inabili', 'because autisti', 'be inappropriat', 'not substantiat', ' US study estim', 'om 2003 estimat']
123["m '' in describ", 'as been describ', 'rson to describ', 'scism , describ', 'Grandin describ', 'developing symb', ' from copy numb', ' autism describ', ', which describ', 'raining availab']
124['h European fasc', 'he rise of fasc', 'chists and fasc', 'eorists of fasc', 'before the fasc', "olare '' , foun", 'they feel. Func', 'or reduced func', '12 ) are inconc', 'ng—to high func']
125['Europe transfor', ' the early morn', 'ropologist Davi', 'ns were precipi', "'' . Henry Davi", 'ely to overesti', 'etween the fron', 'delays or abnor', 'y be inappropri', 'applied behavio']
126['chist legal phi', 'lanquists , Phi', 't anarchism phi', 'ot a single phi', ' Godwin , a phi', 'historian , phi', 'nerate many phi', ' create new phi', 'octrines . \nPhe', 'ho-hedonist phi']
127['read implementa', "one 's potentia", 's as a potentia', 'but few systema', 'bout a potentia', 'elated potentia', ' of interventio', 'ial interventio', 'rly interventio', 'nal interventio']
128['an unnecessary ', 'izes environmen', 's environmental', ' environmental ', 're short-lived ', 'uggle-approach ', 'ithout a sharp ', 'd less diverse ', 'ecede adequate ', ' inappropriate ']
129['e founder of St', 'ional at the St', 'According to St', 'will , which St', 'h Warren and St', 'ked by the USSR', 'narchism , Ther', 'radical Edna St', 'ogy of brain st', 'etween brain st']
130['n anarchism spr', 'ement which spr', 'at they had spl', 'se , unions acr', 'ly paper ) grew', 'agers were freq', 'standing , appr', 'ntense and freq', ' have less freq', 't may be inappr']
131['ught and strate', ' men were execu', 'ograd and Mosco', 'ortant literary', 'ually temporary', 'rest . \nInterse', 'ety of literary', 'lear that execu', ' are that execu', ' and that execu']
132['ived respective', 'lmost exclusive', ' had experience', 'heir respective', 'read implementa', 'ernal determina', 'e if repressive', 's. Controversie', ' be inappropria', 'is an effective']
133[' but was determ', 'ng which import', 'end and consequ', ' Dolgoff estima', "bally . '' \nInt", 'st forms . \nInt', 'interest . \nInt', 'al laws discrim', 'f sexual inform', 'and had approxi']
134['ally exclusive.', 'means to achiev', 'ethod of achiev', 'ns , and achiev', 'berty to achiev', 'as to be achiev', 'oday and achiev', 'asic principles', 'or those depriv', 'g with an exces']
135['usually conside', 'metimes conside', 'did not conside', 'oes not conside', ' can be conside', 'and are conside', 'here is conside', 'r in considerin', 'ht also conside', 'that lack predi']
136['ingyan. Zhuangz', 'rchist. Zhuangz', 'ist. Zhuangzi w', 'rchism in diffe', 's able to explo', 'ed as a differe', 'ions. A differe', 'osis are proble', 'e for a differe', 'ological proble']
137['he term positiv', 'y itself suffic', 'taly were activ', 'phasise positiv', 'ponent especial', 'en retrospectiv', ') spoke positiv', 'depend on activ', 'es and on activ', 've some positiv']
138['tics , attracti', 'ion to advocati', 'tirner advocate', 'ohemian artists', 'nstead advocati', 'mation processi', 'tional processi', 'd face processi', "ain 's processi", 'eneral processi']
139[" 's Swiss suppo", " '' , was suppo", 'narchism refers', "parties ' suppo", 't critic , surv', 'in mutual suppo', 'heory was suppo', 'the five pervas', ' how much suppo', 'empirical suppo']
140['ritory ) , bega', ' United States.', "ragés '' , bega", 'Anselme Bellega', 'er briefly beca', 'upon the crowd.', 'o-pacifism beca', 'Anarchists beca', 'at people speak', 'stic disorders.']
141[' be most conduc', 'dagogic approac', 'truggle-approac', 'tism have socia', 'nding , approac', 'of mind approac', ' social approac', 'n which approac', 'ailable approac', 'eatment approac']
142['n beliefs commo', 'Anarchist commu', 'y as free commu', 'anarchist commu', 't anarcho-commu', 'Marxism , commu', 'oneliness compa', ' early overgrow', 'in social commu', 'iatrician commo']
143['rship of resour', 'an fascist regi', "r. '' The resur", 'derless , anony', 'ts , and especi', 'attern of occur', ' behavior occur', ' published rigo', 'vergrowth occur', 'the main resour']
144[' himself on rel', 'ism and the rel', 'h defects ) rel', ' maturation-rel', 'n ASD , the rel', 'ed on event-rel', 'c people. A rel', 'nce for the rel', ' medication rel', 'me symptoms rel']
145[' non-hierarchic', 'y or hierarchic', 'enment , partic', 'pedia Britannic', 'archists partic', 'chists particip', 'n people partic', 's. It is partic', 'bose , pedantic', ' little empiric']
146['e first to sugg', 'mited data sugg', 'se studies sugg', 'e studies sugge', 's of twins sugg', 's strongly sugg', ' Some data sugg', 'ead , data sugg', '–30 months sugg', '30 months sugge']
147['n , such as Wil', ' Godwin and Wil', 'evolution , Wil', 'volution , Will', '-5 , p. 11. < /', ' \nIn 1793 , Wil', 'me known as ill', 'luded Oscar Wil', "rdity . '' \n< /", 'c children . \nW']
148["kunin 's Swiss ", 'ion of Labour :', "ance 's Bonnot ", 'xander Berkman ', 'wn as the Germa', '` Umanita Nova ', '`` Volume Two :', 'the following :', 'r behavior via ', 'and the Autism ']
149[') that governme', 'r less continuo', 'anarchist membe', ' CNT. CGT membe', 'ocates sometime', 'jurious behavio', 'utistic behavio', 'eotyped behavio', 'rum is continuo', 'daptive behavio']
150['ectly and indir', ' Margaret Ander', 'he Tsarist secr', ' and by restric', 'n ; and restric', 'deeply . \nThere', 'tive or restric', 'ptom of restric', 'everely restric', 'pensive ; indir']
151['ns were of spec', 'Beyond the spec', "r called `` '' ", "called `` '' ( ", 'the autism spec', 'eems to be spec', 'n found in spec', 'predicting spec', ' otherwise spec', ' of autism spec']
152['sus is sometime', ' Muslim scholar', ' Dolgoff estima', 'archist scholar', 'ship was estima', 'rnal determinan', 'e érotique sola', 'but few systema', 'US study estima', 'rom 2003 estima']
153[' Many anarchist', 'es as anarchist', 'alist anarchist', 'ssian anarchist', 'alian anarchist', 'sm philosophica', 'rican anarchist', ' 1936 anarchist', 'talan anarchist', 'stian anarchist']
154["te '' . A varie", 'Proudhon distin', 'roudhon disting', 'shed in a varie', 'ion for a serie', 'incing scientif', 'm. It is distin', 'bility ) a larg', ' of this distin', 'ted by scientif']
155['came a signific', 'ns and district', 'net. A signific', 'yndicalist succ', 'st William Batc', ') was an import', 's was an import', 'ntrums signific', 'nication diffic', 'ead to signific']
156["hos '' , meanin", 'he early mornin', 'the next mornin', 'morality. Influ', 'ct , and a refu', 'degree of influ', ' babbling , unu', 'th ASD show unu', 'ked by underfun', 'ogically meanin']
157['he Confederació', 's the Federació', 'der the princip', 'on Confederació', 'ns with police.', 'ty and homosexu', ' secret police.', ' the caregiver.', ' and the nervou', 'al functioning—']
158[' certain capita', 'Parma in August', 'dhonian Anarchi', 'onian Anarchism', 'st , tax resist', 'dividual resist', 'ividual resista', 'Spanish Anarchi', 'anish Anarchist', 'of adult reside']
159[' the first `` s', 'of the new `` s', " achieve one 's", 'nry Mackay . \nJ', "' ( 2002 ) . \nL", 'rs such as `` L', 'ppeared in `` L', "generally. '' L", "ive force. '' H", 'cle in the `` J']
160['tatism is centr', ' treated during', ' special import', 'ined the victor', 'e . \nThe victor', 'election victor', ' fascist victor', 'h vigour during', 'y to the victor', ' appears during']
161['eaceful evoluti', 'nal split betwe', 'a rupture betwe', 'ues and evoluti', 'n Rosario betwe', 'uch as figurati', 'is and evaluati', 'netics evaluati', ' can be bewilde', 'e overlap betwe']
162[' Proudhon answe', " Bakunin 's Swi", ' include in Swe', ' Workers of Swe', 'den and the Swe', 'business transa', 'nts. A 2008 Swe', 'synaptic pathwa', 'olecular pathwa', 'nto this pathwa']
163['as an alternati', 'ting as essenti', ' the 21st centu', ' a representati', 'are not essenti', 'ctive at empath', 'ter than empath', '10 uses essenti', ' many alternati', ' Some alternati']
164['n centralisatio', 'collectivizatio', 'he concentratio', 'al communicatio', 'ly communicatio', 'on , orientatio', 'ry investigatio', 'ic communicatio', 'olute indicatio', 'nd communicatio']
165[' not be destroy', ' should be self', 'have been found', ' not been found', 't not be better', 'es be diagnosed', ' be bewildering', 'n also be divid', ' also be divide', 'also be divided']
166['individual symp', 's . \nOther symp', 't autistic symp', 'f autistic symp', ' least six symp', 'when other symp', 'though the symp', 'e autistic symp', 'ior. These symp', 'duced some symp']
167[' , their contem', 'es had experien', 'ound the contem', 'anism of contem', 'say that contem', 'ose main contem', ') , some contem', 'glutamate recep', 'th factor recep', 'ent is expensiv']
168['ing as a philos', "angzi 's philos", 'a single philos', 'dwin , a philos', 't of the philos', "irner 's philos", 'ce , the philos', 'olitical philos', 'ism is a philos', 'listic and that']
169['le. This is exe', 'vement. For exa', 'tates , for exa', 'women : for exa', 're , there have', 'ivity ( for exa', 'timuli. For exa', 'of locally orie', ' life : for exa', 'utism. There ha']
170['In 1868 , follo', 'movements follo', 'actics , althou', 'lusive ; althou', 'owever , althou', ' basis , althou', 'lthood , althou', 'ildren , althou', 'y some , althou', 'months , althou']
171[' group the Digg', 'l Argentina\xa0 ..', 'arl Andrews\xa0 ..', "` Liberty '' ..", 'ike himself\xa0 ..', 'o impaired regu', 'study that sugg', 'ms already sugg', 'evidence , sugg', 'function , sugg']
172['nd Lois Waisbro', 'urious behavior', 'ns and behavior', 'otyped behavior', 'avior and narro', 'assess behavior', 'roaches , narro', 'ell as behavior', 'aptive behavior', 'pplied behavior']
173['als to use thei', ' acting in thei', 'ver may be thei', 'Bakunin as thei', 'ons formed thei', 'success in thei', 'ility , whether', 'ividual is thei', 'tion of whether', 'ymptoms in thei']
174['nly , referring', 'e been influenc', 'ued to influenc', 'rongly influenc', 'en and to exper', 'n and to experi', 'n is dysfunctio', ' been increasin', 'le and influenc', 'cantly influenc']
175['actices inspire', 'ich was inspire', ', as exemplifie', 'h would inspire', ' and to experim', 'It also inspire', 'sized up initia', 'sponse to stimu', 'nonsocial stimu', 'be more accurat']
176[' such as the ``', 'rding to the ``', 'in the Franco-P', " '' with the ``", 'known as the ``', ', called the ``', 'ponse to the ``', ' groups. The ``', 'ometimes the ``', 'ticle in the ``']
177['ed at around 10', 'd at around 100', 'en 8 January 18', 'n 8 January 189', ' 8 January 1896', 'nd 1 January 18', 'd 1 January 189', ' 1 January 1897', ', that is when ', 'or school when ']
178['complex relatio', 'kers Associatio', ' Ammon Hennacy ', ' indirect actio', 'm `` without co', 'aginative play ', 's and intimacy ', 'rforms an actio', ' the same actio', 'eural connectio']
179["rchists '' ther", 'nal and its hea', ' convincing sci', '\nIn autism ther', 'ific formal scr', ', the Early Scr', 'ugh genetic scr', 'ial skills ther', 'upported by sci', 'relevance. Scie']
180[' , or participa', 'ssful participa', 'ists participat', 'ctive participa', 'eople participa', 'nge , replacing', 'still impractic', 'till impractica', 'ss in enhancing', 'sm by replacing']
181['as heavily invo', 'stem would rece', ' of literary jo', 'adulthood , alt', ' children , alt', ' deficits in jo', 'n problem , alt', 'tardants , alco', '14 months , alt', 'social , and jo']
182['ing and flowing', 'he English word', ' uprising known', ' to a right win', 'he events known', 'us cadres known', 'dividualist win', 'is philosophica', ' the best known', 'Lois Waisbrooke']
183[' mutually exclu', 'mutually exclus', 'ed almost exclu', "ards '' to pena", 'uction is exclu', 'ction is exclus', 'nation are perv', 'ation are perva', ' does not exclu', 're , 30 % extra']
184['in more or less', 'nt is a `` less', 'fants show less', 'nd respond less', 'lopment or less', 'equent and less', ' about three-qu', 'ion of and less', 'ccount for less', ' to matter less']
185[', but not limit', 'the formal birt', "n , '' or limit", 'rike or antimil', 'ism without adj', 's and anti-birt', ' ASD. The limit', 'nd UK are limit', 'loyers make adj', ', inflation-adj']
186[' incident becam', 'ar I ( 1914–191', 'r I ( 1914–1918', 'ion of 1918–191', 'on of 1918–1919', 'rk City in 1911', 'k City in 1911.', 'Simon Baron-Coh', 'ed to Baron-Coh', 'eatment has dem']
187['ve suffix -ίζει', 'e suffix -ίζειν', 'res in the 17th', 'urn of the 19th', 'urn of the 21st', 'ce the mid-20th', 'h the late 19th', 'end of the 19th', 'ing of the 20th', 'rked by underfu']
188['lost its initia', 'arism. A centra', 'r speech interv', 'neously , imita', 'eres with imita', 'rcuit for imita', 'ildren on imita', 'lies the centra', 'n used intercha', 'ims that interv']
189[' the early 1860', "the early 1860'", 'Before the 1940', ' the early 1920', 'individual bomb', 'dom in the 1970', 'ss diverse babb', 'red by the inab', 'AT ) , the Earl', 'ocial , and job']
190[' such as Johann', 'd were initiall', 'rabajo initiall', 'unin and Johann', 'ions as a poten', 'y and steadfast', 'Spanish anarcha', 'ence that senso', 'nce that sensor', 'n about a poten']
191[' the Confederac', 'narchists neede', 'nish Confederac', 'chism continues', ' to experimenta', 'to experimental', 'on experimental', ' is a continuum', 'elay in referra', 'ent is preferab']
192[' particular wor', 'ism and the wor', 'e , and two wor', 'two million wor', 'inspire the wor', 'theoretical wor', 'ather , the wor', 'educate the wor', " others ' words", 'ty and real-wor']
193["' , `` sovereig", 'e first to sugg', ' Goodman , Dwig', 't in cost being', 'ia before being', '919 before bein', '19 before being', 'directed thinki', 'study that sugg', 'r evidence sugg']
194['ively , in oppo', 'ism . \nHowever ', " '' , was suppo", 'ion . \nHowever ', 'symptoms. Howev', 'ymptoms. Howeve', 'pulation. Howev', 'heory was suppo', 'pothesis. Howev', 'othesis. Howeve']
195["`` an- '' , i.e", "archos '' , i.e", 'r example , U.S', 'e liberty , i.e', 'narchisms ( i.e', 't society ( i.e', 'echnology ( e.g', 'h century ( e.g', ' before the gen', 's . \nIn the gen']
196['chism , not all', 'ists oppose all', 'nd 1914 by memb', ' had proved all', ' example , memb', ' renewed by all', 'ble to make all', 'hat opposes all', 'Argentina anarc', 'nt changes. All']
197['on , a federati', 'extent responsi', 'amps at Sonnenb', ' about responsi', 'bout responsibi', 'p line separati', 'nished responsi', ' under-responsi', 'r over-responsi', ' ASD . \nEducati']
198['lists , to prev', 'l were the prec', ' as `` the prev', 'tions were prec', 'dence. The prev', 'her actual prev', 'tbreaks of prev', ' , and the prev', ' tests may prec', 'blems that prev']
199['cases of childr', 'rters of childr', 'rents of childr', 'lings of childr', 'g theory postul', 'ation of childr', 'nosis of childr', ' such as childr', 'treating childr', 'lf of US childr']
200[' violent confro', ' was the confro', 's able to explo', '. \nSensory abno', 'chromosome abno', 'hough some abno', 'ther these abno', 'structural abno', ' delays or abno', 'widespread abno']
201['free-market phi', "t known as 'phi", 'narchist milieu', 'ot a single phi', 'vidualistic phi', 'text of the phi', 'd by German phi', 'nerate many phi', ' . \nParents usu', ' fMRI and diffu']
202['t extent respon', 'ng class respon', 'n Ryner , Henri', 'en , and respon', 'minished respon', 'or under-respon', 'for over-respon', 'd immune respon', ' delayed respon', 'atypical respon']
203['this sense unti', 'hich ten countr', ' and Canada una', 'ifferent countr', 'rica , and unti', 'lied party acti', ', and Internati', 'o indirect acti', 'ts usually noti', ' in some countr']
204['ractices inspir', 'h of the inspir', 'narchist-inspir', "m '' has inspir", 'velopment criti', 'cally and spiri', 'rmed the inspir', ' It also inspir', 'It also inspire', 'ude moral criti']
205['issance politic', 'is for a critiq', 'powerful critiq', 'owerful critiqu', 'omotes a critiq', 'motes a critiqu', 'enting a critiq', 'nting a critiqu', 'ons about effic', ' little empiric']
206['group to embrac', 'hites ( a group', 'no , who establ', 'arty was establ', 'fers to a group', 'hrough the effo', 's seek to escap', ' Tolstoy establ', ' is well-establ', 'nicated to educ']
207['ew who exhibite', 'of the Enlighte', ' private judgme', 'roperty holding', 'nd other oppone', 'gue that citize', 'ker-owned coope', 'hich led eventu', 'rity , enlighte', 'd of the pointe']
208['amite. This ima', ' of North Ameri', 'oneering campai', 'a , South Ameri', ' childhood immu', 'etween the immu', 'a balanced immu', '. Aberrant immu', 'ies in the immu', 'ip between immu']
209['t , marking the', ' , he was again', 'gall became the', 'elped bring the', 'but opposed the', 'elf. During the', ' to take up the', 'between 8 Janua', 'uch support the', ' \nUS and Japane']
210['rty was establi', '. Discussion gr', 'd pragmatic cri', 'ents in the bra', 'birth , the bra', 'ese abnormaliti', 'whether the bra', 'nses in the bra', ' inside the bra', 'ave methodologi']
211['hat it perpetua', 'ere in perpetua', ' the early 1920', ' the early 1910', ' were precipita', 'was to `` educa', "tion '' , educa", 'pulsion , educa', "in 's electrica", 'rformance never']
212[' anarchist asso', 'd in the widesp', 'hism in differe', ' voluntary asso', 's among differe', "euse '' to spea", 's to be necessa', 'nce for differe', 'family understa', 'ies are necessa']
213['ive in the 1848', "the early 1860'", " '' By the 1880", 'ted in the 1921', 'ism. Their 1926', 'es. In the 1920', ' . \nIn the 1920', 'our in his 1938', "laire '' ( 2000", 'me 15 ( 15q13.3']
214['in the Internat', 'mount of contro', 'd in the concen', 'd to the concen', ' , and Internat', ' between consen', 'defects. Contro', 'rse than contro', 'eks from concep', 'on after concep']
215['ents internatio', 'e , and abstent', 'ion and freetho', 'in both freetho', 'ts from freetho', 'se at the genet', 'ne of the genet', '. \nIn the genet', ' cases to genet', 's. As new genet']
216['ism have often ', 's \nundoubtedly ', 'ich now openly ', 'what he wishes ', 'e increasingly ', 'ot have bosses ', 'are less often ', 's supported by ', 'poorly address ', 'but distinctly ']
217['ζειν , `` -izei', 'l philosopher É', 'ace in 1870 owi', 'ry 1933 , withi', 'evolution withi', ' .The Internati', 't current withi', 'free love withi', 'sc Ferrer i Guà', 'ty of the defau']
218['ives and persec', "e '' , an argum", 'shed the newspa', 'se studies sugg', 's of twins sugg', 's strongly sugg', 'study that sugg', 'r evidence sugg', 'ead , data sugg', '–30 months sugg']
219['iations. Anarch', 'clusive. Anarch', 'cations. Anarch', 'ian War. Anarch', 'ommunes. Anarch', 'thy Day. Anarch', 'e 1960s. Anarch', 'society. Anarch', 'ciation. Anarch', 'ticisms. Anarch']
220['ervative , citi', 'ght in the civi', ' proved all too', "rkers ' Associa", 'al wing emphasi', 'argue that citi', 'ught to emphasi', 'nt that emphasi', 's. The organisa', ' of autism cove']
221['ce ( anarcho-pa', 'olic anarcho-pa', ' , by indigenou', "'' . In a chron", ' a single chrom', 'etions of chrom', 'tions for chrom', 'q13.3 ) , chrom', '3.1 ) and chrom', 'esolution chrom']
222['oît Broutchoux ', 'utchoux , Emma ', ', Emma Goldman ', ', Paul Goodman ', 'ight Macdonald ', ' Kohr , Julian ', ' Zisly , Renzo ', 'Renzo Novatore ', 'Miguel Gimenez ', 'menez Igualada ']
223['sm was revoluti', 'ionaries becaus', 'archists becaus', ' heavily involv', 'ommonly abbrevi', 'l eating behavi', ', partly becaus', 'd partly becaus', ' applied behavi', 'can have advers']
224['st in the Chris', 'was Jesus Chris', 'rotestant Chris', 'ker , and Chris', ' Freetown Chris', " War '' . Chris", 'chism and Chris', 'ally anti-chris', '. Russian chris', 'nfancy or child']
225['mid 20th centur', 'sm , they retur', ' in 18th-centur', 'rizontal networ', 'ate 19th centur', ' created networ', ' default networ', 'le brain networ', ' the two networ', 's , and to incr']
226['arised into two', 'formally , from', ' anarchist stro', 'sm , they retur', ' grouped in two', ' anarchism stro', 'strikingly from', ', distress from', ', there is stro', 'teratogens stro']
227['us is sometimes', 'ipated actively', ' that sometimes', '. The compatibi', 'onal connectivi', 'tact connectivi', 's are sometimes', 'D can sometimes', 'y are sometimes', 'and pediatrics.']
228[', and especiall', 'rench anarcho-h', 've independentl', ' do form attach', 'hey consistentl', 'n , individuall', ' it was formerl', 're significantl', 'e but distinctl', ' ASD . \nEducati']
229['ually considere', 'times considere', 'e. He considere', 'eakers attempte', "orm '' attempte", 'an be considere', 'rchist newspape', 'tudy interviewe', 'd are considere', 'training availa']
230['bings and assas', 'tate were assas', "Kinley 's assas", ' . In a chronol', ' In a chronolog', 'd social ecolog', ' well understoo', 'anecdotal repor', 'number of repor', 'hological repor']
231[' Islamic histor', 's against their', 'following their', 'narchist histor', 'much more infor', 'ge in the histo', 'es traced their', 'European histor', 'opmental histor', 'iffusion tensor']
232[' as more specif', ' , people insid', 'dagogic approac', 'therwise specif', 'ms to be specif', 'R ) is a semist', 'n which approac', 't may be inappr', ' be inappropria', 'vailable approa']
233['tionary organiz', 'spread distribu', 'of the distribu', 'to the distribu', ' being distribu', 'tem of distribu', 'nvolving vocabu', 'tress from loud', 'pment is possib', ' ; it is possib']
234['pretations reve', 'am Godwin devel', 'ovement in Irel', 'narchy is marke', 'Left-wing marke', 'autism is marke', ' they can devel', 'by taking devel', ' medication rel', 'me symptoms rel']
235['ical philosophe', 'bility , whethe', 'rder arises whe', 's diagnosed whe', 'stion of whethe', 'ot known whethe', 'NS operates whe', 'nding on whethe', ' main goals whe', 'reatment approa']
236[' body of doctri', ' method of achi', 'ions , and achi', 'lution to elimi', 'siology of brai', 'eration of brai', 'ominent in brai', 'e theory of min', 'f autism . \nNei', ' viewed on brai']
237['ierarchical fre', 'xperienced brie', ' and later brie', 'g to the outbre', 'nment that brie', 'this time perio', 'nitially enthus', 'l and other fre', 'ldren had perio', 'n make it harde']
238['ts. There would', 'ish. He contras', 'orkers througho', 'n as libertaria', 'century contras', 'much in contras', 'nds of external', ' Tolstoy establ', 'ndromes associa', 'sts. In contras']
239['a Sagra establi', 'pted to establi', ' in the establi', ' firmly establi', 'o , who establi', ' i.e. , establi', 'Guàrdia establi', 'Tolstoy establi', 'n on his estate', ' become establi']
240['term `` liberta', ' use `` liberta', 'f as `` liberta', 'stols. The hous', ' pseudo-liberta', 'tate as unfortu', ' order , whereb', 'vement. He outl', 'ies and simulta', 'yday of liberta']
241['philosophy refl', 'y ad hoc , lead', "den '' , a refl", 'cated self-real', 'chism is unreal', ', possibly refl', "gy '' maps well", 'genetic technol', ' Newer technolo', 'lidity and real']
242['mes were treate', ' have been infl', 'ntinued to infl', 'ism became infl', 'good . \nAn infl', 'e strongly infl', ' degree of infl', 'imental techniq', 'nificantly infl', ' dollars , infl']
243['first to sugges', 'ted data sugges', 'of twins sugges', ' in mice sugges', 'ome data sugges', 'udy that sugges', 'evidence sugges', 'd , data sugges', ' already sugges', '0 months sugges']
244['il the early 19', 'ng the early 19', ' 28 February 19', '28 February 193', 'n 2 February 19', ' 2 February 193', 'ht of 9 July 19', 't of 9 July 193', ' regress. Early', 'regress. Early ']
245['5 , p. 11. < /r', 'p. 11. < /ref >', 'ritic , surveyo', "ity . '' \n< /do", ' lower levels o', 'reaks of previo', 'systems level ;', 'l adult levels.', 'diffusion tenso', 'olute indicatio']
246['he term positiv', 'ge of the divid', 'al split betwee', 'relation betwee', 'narchists divid', 'phasise positiv', ') spoke positiv', 'hen then instru', 'h the Repetitiv', 'd disintegrativ']
247['he here and now', 'take up the def', 'hists were arde', 'people with nor', 'from social nor', 'ildren with Dow', ' it is not know', ' It is not know', 'explain the nor', ' mutations know']
248["'' ( `` proprié", ' ( `` propriété', '( `` propriété ', '( `` individual', 'al reappropriat', 'eappropriation ', "ppropriation ''", 'French `` lois ', 'ois scélérates ', '` Umanita Nova ']
249['bour . \nThe ant', 'role in the ant', 'archist anthrop', 'hist anthropolo', 'part of the ant', 'phasise the ant', 'ought , certain', 'e an anthropolo', 'have been `` an', 'y states that `']
250['scourse on Volu', "am 's , `` Volu", 'ly variable neu', 'al product. Neu', 'ta suggests neu', 'o impaired regu', '\nThe mirror neu', ' high-level neu', 'nclusive . \nNeu', 'g children. Neu']
251['one without rul', "der '' , `` rul", 'hat briefly rul', ' of Marxist rul', 'lose to insurre', 'he French Surre', 'hasizes insurre', 'stead , insurre', 'sation. Insurre', 'symptoms result']
252['achieve anarchi', 'te , Luigi Fabb', '. \nSome anarchi', 'st , Luigi Fabb', 'm. Some anarchi', 'in some anarchi', ' , some anarchi', 'Catalan anarchi', '. \nUS and Japan', 'ity and maladap']
253[' only , referri', 'onstadt rebelli', 'he army rebelli', '( while retaini', 'ists as effecti', 're less effecti', 'is more effecti', 'elative effecti', ' on the effecti', 'one are effecti']
254['`` self-proclai', 'archist histori', 'rpose of memori', "inley 's assass", ', the synthesis', ', Renzo Novator', 'ction is exclus', 'lia ) or revers', 'h as the memori', 'ice have revers']
255['narchist progra', 'vement. For exa', 'olitical progra', ' as a repressiv', 'se if repressiv', 'ibute to or exa', 'M-IV-TR as exhi', 'ducation progra', 'idential progra', 'ent is expensiv']
